0000000000000000 a __start__
0000000000000000 T _start
0000000000000000 b _TLS_MODULE_BASE_
0000000000000000 0000000000000004 b g_fsPriority
0000000000000004 0000000000000004 b fsdev_last_result
0000000000000008 0000000000000401 B __nx_dev_path_buf
00000000000000e0 T __nx_exit
00000000000000f0 T __nx_mod0
0000000000000130 0000000000000010 T std::terminate()
0000000000000140 0000000000000010 T std::unexpected()
0000000000000150 0000000000000050 T std::__throw_logic_error(char const*)
00000000000001a0 0000000000000050 T std::__throw_length_error(char const*)
00000000000001f0 0000000000000034 W __gnu_cxx::__throw_concurrence_lock_error()
0000000000000224 0000000000000034 W __gnu_cxx::__throw_concurrence_unlock_error()
0000000000000258 0000000000000044 T __cxa_call_terminate
00000000000002a0 0000000000000034 t _GLOBAL__sub_D_eh_globals.cc
00000000000002e0 0000000000000034 T exit
0000000000000320 000000000000013c T main
0000000000000460 0000000000000038 t _GLOBAL__sub_I_eh_globals.cc
00000000000004a0 00000000000001f0 t _GLOBAL__sub_I_eh_alloc.cc
00000000000006a0 t __do_global_dtors_aux
0000000000000700 t frame_dummy
0000000000000730 00000000000000cc T I2cRead_OutU8(I2cDevice, unsigned char, unsigned char*)
0000000000000800 00000000000000d8 T I2c_Bq24193_SetFastChargeCurrentLimit(unsigned int)
00000000000008e0 00000000000000d8 T I2c_Bq24193_SetChargeVoltageLimit(unsigned int)
00000000000009c0 0000000000000134 t psmGetBatteryChargeInfoFields(BatteryChargeInfo*)
0000000000000b00 000000000000010c t psmEnableBatteryCharging_internal()
0000000000000c10 000000000000010c t psmDisableBatteryCharging_internal()
0000000000000d20 00000000000004e8 T LoadSysLihvConfig(SysLihvConfig*)
0000000000001210 0000000000000294 t ini_strncpy.isra.0
00000000000014b0 0000000000000130 t cleanstring.part.0
00000000000015e0 00000000000004a4 t getkeystring
0000000000001a90 00000000000000b8 t ini_gets.part.0
0000000000001b50 00000000000000b0 T ini_getl
0000000000001c00 00000000000000bc t _bpcCmdNoIO.constprop.0
0000000000001cc0 0000000000000008 T bpcShutdownSystem
0000000000001cd0 00000000000000b4 t _fsCleanup
0000000000001d90 00000000000001c0 t _fsCmdNoIO
0000000000001f50 00000000000001e0 t _fsFsCmdWithInPath
0000000000002130 00000000000001f8 t _fsFsCmdWithTwoInPaths
0000000000002330 000000000000028c t _fsFsOpenCommon
00000000000025c0 00000000000001fc t _fsFsCmdWithInPathAndOutU64
00000000000027c0 00000000000000f8 t _fsObjectClose
00000000000028c0 000000000000017c t _fsCmdGetSession.constprop.0
0000000000002a40 00000000000002f8 T fsInitialize
0000000000002d40 0000000000000048 T fsExit
0000000000002d90 0000000000000008 T fsOpenSdCardFileSystem
0000000000002da0 00000000000001ec T fsFsCreateFile
0000000000002f90 0000000000000008 T fsFsDeleteFile
0000000000002fa0 0000000000000008 T fsFsCreateDirectory
0000000000002fb0 0000000000000008 T fsFsDeleteDirectory
0000000000002fc0 0000000000000008 T fsFsRenameFile
0000000000002fd0 0000000000000008 T fsFsRenameDirectory
0000000000002fe0 00000000000001f0 T fsFsGetEntryType
00000000000031d0 0000000000000008 T fsFsOpenFile
00000000000031e0 0000000000000008 T fsFsOpenDirectory
00000000000031f0 0000000000000008 T fsFsGetFreeSpace
0000000000003200 0000000000000008 T fsFsGetTotalSpace
0000000000003210 0000000000000230 T fsFsGetFileTimeStampRaw
0000000000003440 0000000000000004 T fsFsClose
0000000000003450 0000000000000214 T fsFileRead
0000000000003670 00000000000001f8 T fsFileWrite
0000000000003870 0000000000000008 T fsFileFlush
0000000000003880 00000000000001c0 T fsFileSetSize
0000000000003880 00000000000001c0 t fsFileSetSize.localalias
0000000000003a40 00000000000001d4 T fsFileGetSize
0000000000003a40 00000000000001d4 t fsFileGetSize.localalias
0000000000003c20 0000000000000004 T fsFileClose
0000000000003c30 0000000000000004 T fsDirClose
0000000000003c40 0000000000000204 T fsDirRead
0000000000003e50 0000000000000104 T i2cOpenSession
0000000000003f60 0000000000000138 T i2csessionSendAuto
00000000000040a0 000000000000012c T i2csessionReceiveAuto
00000000000041d0 0000000000000064 T i2csessionClose
0000000000004240 00000000000000d0 t _setsysGetFirmwareVersionImpl
0000000000004310 0000000000000078 t _setsysCleanup
0000000000004390 00000000000000a0 T setsysInitialize
0000000000004430 0000000000000048 T setsysExit
0000000000004480 0000000000000048 T setsysGetFirmwareVersion
00000000000044d0 00000000000000cc t _smCmifCmdInPid
00000000000045a0 0000000000000078 t _smCleanup
0000000000004620 0000000000000048 T smAddOverrideHandle
0000000000004670 0000000000000054 T smGetServiceOverride
00000000000046d0 00000000000001ac T smInitialize
0000000000004880 0000000000000048 T smExit
00000000000048d0 00000000000000d0 T smGetServiceOriginal
00000000000049a0 0000000000000120 T smGetServiceWrapper
0000000000004ac0 0000000000000164 T splGetConfig
0000000000004c30 000000000000001c W diagAbortWithResult
0000000000004c50 0000000000000014 T hosversionGet
0000000000004c70 0000000000000010 T hosversionSet
0000000000004c80 0000000000000010 t fsdev_link
0000000000004c90 0000000000000010 t fsdev_dirreset
0000000000004ca0 0000000000000010 t fsdev_chmod
0000000000004cb0 0000000000000018 t error_cmp
0000000000004cd0 0000000000000020 t fsdev_dirclose
0000000000004cf0 000000000000001c t fsdev_close
0000000000004d10 0000000000000074 t fsdev_converttimetoutc
0000000000004d90 00000000000000d4 t fsdevFindDevice.part.0
0000000000004e70 00000000000001cc t fsdev_fixpath
0000000000005040 000000000000009c t _fsdevUnmountDeviceStruct.part.0
00000000000050e0 0000000000000010 t fsdev_fchmod
00000000000050f0 0000000000000100 t fsdev_diropen
00000000000051f0 00000000000000f8 t fsdev_statvfs
00000000000052f0 000000000000007c t fsdev_fsync
0000000000005370 00000000000000ec t fsdev_fstat
0000000000005460 0000000000000094 t fsdev_ftruncate
0000000000005500 00000000000001d8 t fsdev_stat
00000000000056e0 000000000000014c t fsdev_rename
0000000000005830 000000000000013c t fsdev_chdir
0000000000005970 00000000000000a4 t fsdev_rmdir
0000000000005a20 00000000000000a4 t fsdev_mkdir
0000000000005ad0 00000000000000a4 t fsdev_unlink
0000000000005b80 000000000000013c t fsdev_write_safe
0000000000005cc0 0000000000000134 t fsdev_read_safe
0000000000005e00 0000000000000100 t fsdev_read
0000000000005f00 00000000000001d4 t fsdev_dirnext
00000000000060e0 0000000000000124 t fsdev_write
0000000000006210 0000000000000110 t fsdev_seek
0000000000006320 0000000000000230 t fsdev_open
0000000000006550 0000000000000324 T fsdevMountDevice
0000000000006880 0000000000000040 T fsdevMountSdmc
00000000000068c0 00000000000000bc T __libnx_init_cwd
0000000000006980 0000000000000064 T fsdevUnmountAll
00000000000069f0 0000000000000128 T decode_utf8
0000000000006b18 T svcSetHeapSize
0000000000006b2c T svcSetMemoryPermission
0000000000006b34 T svcSetMemoryAttribute
0000000000006b3c T svcUnmapMemory
0000000000006b44 T svcQueryMemory
0000000000006b58 T svcExitProcess
0000000000006b60 T svcSleepThread
0000000000006b68 T svcMapSharedMemory
0000000000006b70 T svcUnmapSharedMemory
0000000000006b78 T svcCloseHandle
0000000000006b80 T svcResetSignal
0000000000006b88 T svcWaitSynchronization
0000000000006b9c T svcArbitrateLock
0000000000006ba4 T svcArbitrateUnlock
0000000000006bac T svcWaitProcessWideKeyAtomic
0000000000006bb4 T svcSignalProcessWideKey
0000000000006bbc T svcConnectToNamedPort
0000000000006bd0 T svcSendSyncRequest
0000000000006bd8 T svcBreak
0000000000006be0 T svcReturnFromException
0000000000006be8 T svcGetInfo
0000000000006bfc T svcUnmapTransferMemory
0000000000006c04 T __aarch64_read_tp
0000000000006c10 000000000000000c T eventLoadRemote
0000000000006c20 0000000000000034 T eventWait
0000000000006c60 0000000000000054 T eventClose
0000000000006cc0 00000000000000c8 T mutexLock
0000000000006d90 0000000000000068 T mutexUnlock
0000000000006e00 000000000000001c T mutexIsLockedByCurrentThread
0000000000006e20 0000000000000058 T rmutexLock
0000000000006e80 000000000000001c T rmutexUnlock
0000000000006ea0 000000000000057c T waitObjects
0000000000007420 0000000000000184 T sessionmgrCreate
00000000000075b0 0000000000000084 T sessionmgrClose
0000000000007640 00000000000000a8 T sessionmgrAttachClient
00000000000076f0 0000000000000060 T sessionmgrDetachClient
0000000000007750 000000000000027c t _timeCleanup
00000000000079d0 0000000000000100 t _timeCmdGetSession.constprop.0
0000000000007ad0 0000000000000104 t _timeReadClockFromSharedMem
0000000000007be0 0000000000000300 T timeInitialize
0000000000007ee0 0000000000000048 T timeExit
0000000000007f30 0000000000000038 T timeGetServiceSession_SystemClock
0000000000007f70 00000000000000fc T timeGetCurrentTime
0000000000008070 0000000000000108 T timeToCalendarTimeWithMyRule
0000000000008180 0000000000000114 T timeToPosixTimeWithMyRule
00000000000082a0 0000000000000004 W __libnx_alloc
00000000000082b0 0000000000000004 W __libnx_free
00000000000082c0 0000000000000314 W argvSetup
00000000000085e0 00000000000001fc T __nx_dynamic
00000000000087e0 0000000000000208 T envSetup
00000000000089f0 0000000000000020 T envGetMainThreadHandle
0000000000008a10 000000000000000c T envIsNso
0000000000008a20 0000000000000014 T envHasHeapOverride
0000000000008a40 000000000000000c T envGetHeapOverrideAddr
0000000000008a50 000000000000000c T envGetHeapOverrideSize
0000000000008a60 0000000000000014 T envHasArgv
0000000000008a80 000000000000000c T envGetArgv
0000000000008a90 000000000000000c T envGetExitFuncPtr
0000000000008aa0 000000000000000c T envSetExitFuncPtr
0000000000008ab0 000000000000000c T envHasRandomSeed
0000000000008ac0 0000000000000010 T envGetRandomSeed
0000000000008ad0 00000000000000d0 W __libnx_initheap
0000000000008ba0 00000000000000ec W __appInit
0000000000008c90 0000000000000044 W __appExit
0000000000008ce0 000000000000002c W __libnx_init
0000000000008d10 000000000000001c W __libnx_exit
0000000000008d30 000000000000001c T __syscall_exit
0000000000008d50 0000000000000034 T __syscall_getreent
0000000000008d90 0000000000000004 T __syscall_lock_acquire
0000000000008da0 0000000000000004 T __syscall_lock_release
0000000000008db0 0000000000000004 T __syscall_lock_acquire_recursive
0000000000008dc0 0000000000000004 T __syscall_lock_release_recursive
0000000000008dd0 000000000000001c T __syscall_cond_broadcast
0000000000008df0 000000000000003c T __syscall_cond_wait
0000000000008e30 0000000000000040 T __syscall_tls_create
0000000000008e70 0000000000000018 T __syscall_tls_set
0000000000008e90 0000000000000004 T __syscall_tls_get
0000000000008ea0 0000000000000018 T __syscall_tls_delete
0000000000008ec0 000000000000025c T __libnx_init_time
0000000000009120 0000000000000098 T newlibSetup
00000000000091c0 00000000000000e8 T nxlinkSetup
00000000000092a8 W __libnx_exception_entry
0000000000009334 t __libnx_exception_entry_start
000000000000945c t __libnx_exception_entry_abort
0000000000009460 t __libnx_exception_entry_end
0000000000009468 T __libnx_exception_returnentry
0000000000009480 0000000000000070 T condvarWaitTimeout
00000000000094f0 0000000000000014 T shmemLoadRemote
0000000000009510 0000000000000070 T shmemMap
0000000000009580 0000000000000034 T shmemUnmap
00000000000095c0 000000000000004c T shmemClose
0000000000009610 00000000000000b0 T __libnx_init_thread
00000000000096c0 0000000000000010 T threadTlsGet
00000000000096d0 0000000000000010 T threadTlsSet
00000000000096e0 00000000000000d8 T threadTlsAlloc
00000000000097c0 0000000000000044 T threadTlsFree
0000000000009810 0000000000000064 t _memregionInitWithInfo
0000000000009880 0000000000000004 W __libnx_virtmem_rng
0000000000009890 0000000000000164 t _memregionFindRandom
0000000000009a00 0000000000000140 T virtmemSetup
0000000000009b40 000000000000000c T virtmemLock
0000000000009b50 000000000000000c T virtmemUnlock
0000000000009b60 0000000000000050 T virtmemFindAslr
0000000000009bb0 0000000000000018 t _appletInfiniteSleepLoop
0000000000009bd0 0000000000000108 t _appletCmdGetSession
0000000000009ce0 00000000000000cc t _appletCmdInU8NoOut
0000000000009db0 00000000000000cc t _appletCmdInU32NoOut
0000000000009e80 000000000000012c t _appletGetSessionProxy.constprop.0
0000000000009fb0 0000000000000148 t _appletOpenLibraryAppletProxy.constprop.0
000000000000a100 00000000000000f8 t _appletCmdGetEvent
000000000000a200 00000000000000d4 t _appletCmdNoInOutU8.isra.0
000000000000a2e0 00000000000000d4 t _appletCmdNoInOutU32.isra.0
000000000000a3c0 00000000000000d4 t _appletCmdNoInOutU64.isra.0
000000000000a4a0 00000000000000c0 t _appletCmdNoIO.isra.0
000000000000a560 00000000000001b8 T appletSetFocusHandlingMode
000000000000a720 000000000000005c T appletSetCpuBoostMode
000000000000a780 000000000000000c T appletGetAppletResourceUserId
000000000000a790 0000000000000138 t _appletHolderCreateState
000000000000a8d0 00000000000000b0 T appletHolderClose
000000000000a980 0000000000000024 T appletHolderGetLibraryAppletInfo
000000000000a9b0 0000000000000090 T appletNotifyRunning
000000000000aa40 0000000000000078 T appletSetGamePlayRecordingState
000000000000aac0 0000000000000ad4 t _appletCleanup
000000000000b5a0 0000000000000048 T appletExit
000000000000b5f0 0000000000000040 T appletGetLibraryAppletInfo
000000000000b630 0000000000000c14 T appletInitialize
000000000000c250 0000000000000024 t _appletExitProcess
000000000000c280 000000000000012c t _hidCleanup
000000000000c3b0 000000000000026c T hidInitialize
000000000000c620 0000000000000048 T hidExit
000000000000c670 0000000000000410 T randomGet
000000000000ca80 0000000000000020 T randomGet64
000000000000caa0 0000000000000034 T tmemUnmap
000000000000cae0 0000000000000030 T tmemCloseHandle
000000000000cb10 0000000000000050 T tmemClose
000000000000cb60 00000000000000d4 t _apmCleanup
000000000000cc40 0000000000000194 T apmInitialize
000000000000cde0 0000000000000048 T apmExit
000000000000ce30 00000000000000c8 T apmSetPerformanceConfiguration
000000000000cf00 0000000000000004 T operator delete(void*, unsigned long)
000000000000cf20 000000000000005c W std::__cxx11::basic_string<char, std::char_traits<char>, std::allocator<char> >::_M_create(unsigned long&, unsigned long)
000000000000cf80 0000000000000004 T operator delete(void*)
000000000000cfa0 000000000000009c T __cxa_begin_catch
000000000000d040 0000000000000004 T std::exception::~exception()
000000000000d040 0000000000000004 T std::exception::~exception()
000000000000d060 0000000000000044 t eh_globals_dtor(void*)
000000000000d0c0 0000000000000080 T __cxa_get_globals
000000000000d140 000000000000007c t get_adjusted_ptr(std::type_info const*, std::type_info const*, void**)
000000000000d1c0 0000000000000138 t read_encoded_value_with_base(unsigned char, unsigned long, unsigned char const*, unsigned long*)
000000000000d300 0000000000000064 t base_of_encoded_value(unsigned char, _Unwind_Context*)
000000000000d380 0000000000000108 t check_exception_spec(lsda_header_info*, std::type_info const*, void*, long)
000000000000d4a0 00000000000000f8 t parse_lsda_header(_Unwind_Context*, unsigned char const*, lsda_header_info*)
000000000000d5a0 0000000000000630 T __gxx_personality_v0
000000000000dbe0 0000000000000018 T __cxxabiv1::__terminate(void (*)())
000000000000dc00 0000000000000010 T std::get_terminate()
000000000000dc20 0000000000000010 T __cxxabiv1::__unexpected(void (*)())
000000000000dc40 0000000000000010 T std::get_unexpected()
000000000000dc60 0000000000000058 t __gxx_exception_cleanup(_Unwind_Reason_Code, _Unwind_Exception*)
000000000000dcc0 0000000000000054 T __cxa_init_primary_exception
000000000000dd20 000000000000005c T __cxa_throw
000000000000dd80 0000000000000068 T operator new(unsigned long)
000000000000de00 0000000000000014 T __cxxabiv1::__si_class_type_info::~__si_class_type_info()
000000000000de00 0000000000000014 T __cxxabiv1::__si_class_type_info::~__si_class_type_info()
000000000000de20 0000000000000020 T __cxxabiv1::__si_class_type_info::~__si_class_type_info()
000000000000de40 0000000000000194 T __cxxabiv1::__si_class_type_info::__do_dyncast(long, __cxxabiv1::__class_type_info::__sub_kind, __cxxabiv1::__class_type_info const*, void const*, __cxxabiv1::__class_type_info const*, void const*, __cxxabiv1::__class_type_info::__dyncast_result&) const
000000000000dfe0 00000000000000a8 T __cxxabiv1::__si_class_type_info::__do_find_public_src(long, void const*, __cxxabiv1::__class_type_info const*, void const*) const
000000000000e0a0 0000000000000064 T __cxxabiv1::__si_class_type_info::__do_upcast(__cxxabiv1::__class_type_info const*, void const*, __cxxabiv1::__class_type_info::__upcast_result&) const
000000000000e120 0000000000000004 T std::type_info::~type_info()
000000000000e120 0000000000000004 T std::type_info::~type_info()
000000000000e140 0000000000000008 T std::type_info::__is_pointer_p() const
000000000000e140 0000000000000008 T std::type_info::__is_function_p() const
000000000000e160 000000000000000c T std::bad_alloc::what() const
000000000000e180 0000000000000014 T std::bad_alloc::~bad_alloc()
000000000000e180 0000000000000014 T std::bad_alloc::~bad_alloc()
000000000000e1a0 0000000000000020 T std::bad_alloc::~bad_alloc()
000000000000e1c0 0000000000000068 T __cxxabiv1::__class_type_info::__do_upcast(__cxxabiv1::__class_type_info const*, void**) const
000000000000e240 0000000000000010 T __cxxabiv1::__class_type_info::__do_find_public_src(long, void const*, __cxxabiv1::__class_type_info const*, void const*) const
000000000000e260 0000000000000014 T __cxxabiv1::__class_type_info::~__class_type_info()
000000000000e260 0000000000000014 T __cxxabiv1::__class_type_info::~__class_type_info()
000000000000e280 0000000000000020 T __cxxabiv1::__class_type_info::~__class_type_info()
000000000000e2a0 0000000000000090 T __cxxabiv1::__class_type_info::__do_upcast(__cxxabiv1::__class_type_info const*, void const*, __cxxabiv1::__class_type_info::__upcast_result&) const
000000000000e340 00000000000000a8 T __cxxabiv1::__class_type_info::__do_catch(std::type_info const*, void**, unsigned int) const
000000000000e400 00000000000000ec T __cxxabiv1::__class_type_info::__do_dyncast(long, __cxxabiv1::__class_type_info::__sub_kind, __cxxabiv1::__class_type_info const*, void const*, __cxxabiv1::__class_type_info const*, void const*, __cxxabiv1::__class_type_info::__dyncast_result&) const
000000000000e500 000000000000000c W __gnu_cxx::__concurrence_lock_error::what() const
000000000000e520 000000000000000c W __gnu_cxx::__concurrence_unlock_error::what() const
000000000000e540 0000000000000014 W __gnu_cxx::__concurrence_lock_error::~__concurrence_lock_error()
000000000000e540 0000000000000014 W __gnu_cxx::__concurrence_lock_error::~__concurrence_lock_error()
000000000000e560 0000000000000038 W __gnu_cxx::__concurrence_lock_error::~__concurrence_lock_error()
000000000000e5a0 0000000000000014 W __gnu_cxx::__concurrence_unlock_error::~__concurrence_unlock_error()
000000000000e5a0 0000000000000014 W __gnu_cxx::__concurrence_unlock_error::~__concurrence_unlock_error()
000000000000e5c0 0000000000000038 W __gnu_cxx::__concurrence_unlock_error::~__concurrence_unlock_error()
000000000000e600 0000000000000110 t (anonymous namespace)::pool::free(void*) [clone .constprop.0]
000000000000e720 00000000000000cc t (anonymous namespace)::pool::allocate(unsigned long) [clone .constprop.0]
000000000000e800 0000000000000058 T __cxa_allocate_exception
000000000000e860 0000000000000028 T __cxa_free_exception
000000000000e8a0 0000000000000010 T std::get_new_handler()
000000000000e8c0 0000000000000008 T std::logic_error::what() const
000000000000e8c0 0000000000000008 T std::runtime_error::what() const
000000000000e8e0 0000000000000074 T std::logic_error::~logic_error()
000000000000e8e0 0000000000000074 T std::logic_error::~logic_error()
000000000000e960 000000000000001c T std::logic_error::~logic_error()
000000000000e980 0000000000000014 T std::length_error::~length_error()
000000000000e980 0000000000000014 T std::length_error::~length_error()
000000000000e9a0 000000000000001c T std::length_error::~length_error()
000000000000e9c0 00000000000000f8 T std::logic_error::logic_error(char const*)
000000000000e9c0 00000000000000f8 T std::logic_error::logic_error(char const*)
000000000000eac0 0000000000000030 T std::length_error::length_error(char const*)
000000000000eac0 0000000000000030 T std::length_error::length_error(char const*)
000000000000eb00 0000000000000080 W std::string::_Rep::_S_create(unsigned long, unsigned long, std::allocator<char> const&)
000000000000eb80 0000000000000004 W std::string::_Rep::_M_destroy(std::allocator<char> const&)
000000000000eba0 0000000000000298 t init_dwarf_reg_size_table
000000000000ee40 000000000000018c t uw_install_context_1
000000000000efe0 000000000000018c t read_encoded_value
000000000000f180 00000000000007f8 t execute_stack_op
000000000000f980 0000000000000334 t uw_update_context_1
000000000000fcc0 00000000000000f8 t uw_update_context
000000000000fdc0 0000000000000868 t execute_cfa_program_specialized
0000000000010640 0000000000000898 t execute_cfa_program_generic
0000000000010ee0 000000000000043c t uw_frame_state_for
0000000000011320 000000000000036c t uw_init_context_1
00000000000116a0 0000000000000140 t _Unwind_RaiseException_Phase2
00000000000117e0 0000000000000154 t _Unwind_ForcedUnwind_Phase2
0000000000011940 0000000000000050 t _Unwind_SetGR
00000000000119a0 0000000000000014 t _Unwind_GetIPInfo
00000000000119c0 0000000000000008 t _Unwind_SetIP
00000000000119e0 0000000000000008 t _Unwind_GetLanguageSpecificData
0000000000011a00 0000000000000008 t _Unwind_GetRegionStart
0000000000011a20 0000000000000008 t _Unwind_GetDataRelBase
0000000000011a40 0000000000000008 t _Unwind_GetTextRelBase
0000000000011a60 0000000000000004 t _Unwind_DebugHook
0000000000011a80 00000000000001a4 t _Unwind_RaiseException
0000000000011c40 000000000000012c t _Unwind_Resume
0000000000011d80 000000000000001c t _Unwind_DeleteException
0000000000011da0 0000000000000018 t fde_unencoded_compare
0000000000011dc0 000000000000002c t fde_unencoded_extract
0000000000011e00 00000000000000ec t frame_downheap
0000000000011f00 0000000000000138 t read_encoded_value_with_base
0000000000012040 0000000000000220 t fde_radixsort
0000000000012260 0000000000000110 t __deregister_frame_info_bases.part.0
0000000000012380 0000000000000124 t get_cie_encoding
00000000000124c0 00000000000000d8 t fde_mixed_encoding_extract
00000000000125a0 00000000000001e0 t classify_object_over_fdes.constprop.0
0000000000012780 00000000000000bc t fde_single_encoding_extract
0000000000012840 00000000000000a8 t fde_single_encoding_compare
0000000000012900 000000000000010c t fde_mixed_encoding_compare
0000000000012a20 0000000000000234 t add_fdes.isra.0
0000000000012c60 00000000000002e8 t linear_search_fdes
0000000000012f60 0000000000000558 t search_object
00000000000134c0 0000000000000060 t __register_frame_info
0000000000013520 0000000000000018 t __deregister_frame_info
0000000000013540 00000000000001d0 t _Unwind_Find_FDE
0000000000013710 0000000000000030 T __arm_za_disable
0000000000013710 0000000000000030 t __libgcc_arm_za_disable
0000000000013740 00000000000000a0 T __arm_tpidr2_save
0000000000013740 00000000000000a0 t __libgcc_arm_tpidr2_save
0000000000013800 0000000000000104 T strrchr
0000000000013920 0000000000000024 T getenv
0000000000013960 0000000000000184 T _fgets_r
0000000000013b00 0000000000000034 T fgets
0000000000013b40 0000000000000064 T __assert_func
0000000000013bc0 0000000000000130 T _fclose_r
0000000000013d00 000000000000001c T fclose
0000000000013d40 0000000000000104 T memset
0000000000013e60 0000000000000034 T setenv
0000000000013ec0 0000000000000134 T strcmp
0000000000014000 00000000000000f4 T _fwrite_r
0000000000014100 0000000000000034 T fwrite
0000000000014140 0000000000000080 T fiprintf
00000000000141c0 00000000000001b4 T strncmp
0000000000014380 00000000000000dc T memchr
0000000000014460 000000000000001c t stdio_exit_handler
0000000000014480 000000000000006c t cleanup_stdio
0000000000014500 0000000000000134 t global_stdio_init.part.0
0000000000014640 000000000000000c T __sfp_lock_acquire
0000000000014660 000000000000000c T __sfp_lock_release
0000000000014680 0000000000000138 T __sfp
00000000000147c0 0000000000000054 T __sinit
0000000000014820 00000000000001a4 t _strtoul_l.isra.0
00000000000149e0 0000000000000040 T strtoul
0000000000014a20 00000000000000a4 T __libc_init_array
0000000000014ae0 0000000000000088 T strncat
0000000000014b80 0000000000000098 T _fwalk_sglue
0000000000014c20 00000000000000b4 T bsearch
0000000000014ce0 0000000000000014 T __errno
0000000000014d00 00000000000000cc T strchr
0000000000014de0 0000000000000018 T abort
0000000000014e00 00000000000001cc T _perror_r
0000000000014fe0 000000000000001c T perror
0000000000015000 000000000000022c T memcpy
0000000000015000 T memmove
0000000000015240 0000000000000004 T _fseek_r
0000000000015260 0000000000000840 T _malloc_r
0000000000015aa0 000000000000011c T _malloc_trim_r
0000000000015bc0 00000000000002d8 T _free_r
0000000000015ea0 00000000000002c0 t _strtol_l.part.0
0000000000016160 0000000000000078 T strtol
00000000000161e0 0000000000000038 T malloc
0000000000016220 000000000000001c T free
0000000000016240 00000000000001ec T __sflush_r
0000000000016440 00000000000000bc T _fflush_r
0000000000016500 0000000000000038 t lflush
0000000000016540 0000000000000190 T __srefill_r
00000000000166e0 00000000000000b0 T __swhatbuf_r
00000000000167a0 00000000000000e8 T __smakebuf_r
00000000000168a0 0000000000000028 T gmtime
0000000000016900 0000000000000130 T strlen
0000000000016a40 00000000000000f4 T _findenv_r
0000000000016b40 0000000000000084 T strncasecmp
0000000000016c00 00000000000000b8 T strnlen
0000000000016cc0 000000000000000c T __malloc_lock
0000000000016ce0 000000000000000c T __malloc_unlock
0000000000016d00 0000000000000258 T _setenv_r
0000000000016f80 00000000000001c8 T memcmp
0000000000017160 0000000000000004 W __call_exitprocs
0000000000017180 0000000000000120 T _fopen_r
00000000000172a0 000000000000002c T fopen
00000000000172e0 00000000000000ac T strncpy
00000000000173a0 0000000000000004 T _ftell_r
00000000000173c0 000000000000001c T ftell
00000000000173e0 0000000000000010 T _wcsrtombs_r
0000000000017400 00000000000004a4 T __sfvwrite_r
00000000000178c0 000000000000004c T __sread
0000000000017920 0000000000000070 T __swrite
00000000000179a0 0000000000000050 T __sseek
0000000000017a00 0000000000000008 T __sclose
0000000000017a20 000000000000009c T _raise_r
0000000000017ac0 000000000000001c T raise
0000000000017ae0 000000000000000c T __env_lock
0000000000017b00 000000000000000c T __env_unlock
0000000000017b20 0000000000000418 T _strerror_r
0000000000017f40 0000000000000008 T _user_strerror
0000000000017f60 000000000000002c T __locale_mb_cur_max
0000000000017fa0 00000000000002a0 T gmtime_r
0000000000018240 0000000000000790 t get_arg
00000000000189d0 0000000000002964 T _vfiprintf_r
000000000001b334 00000000000000d0 t __sbprintf
000000000001b420 000000000000018c T _memalign_r
000000000001b5c0 0000000000000188 T _wcsnrtombs_l
000000000001b760 0000000000000054 T _wcsnrtombs_r
000000000001b7c0 00000000000002dc T __utf8_mbtowc
000000000001baa0 00000000000004c0 T _fseeko_r
000000000001bf60 00000000000000b4 T fileno
000000000001c020 0000000000000038 T __sprint_r
000000000001c060 0000000000000008 T __localeconv_l
000000000001c080 0000000000000028 T _localeconv_r
000000000001c0c0 00000000000000d0 T _wcrtomb_r
000000000001c1a0 00000000000000b8 T __sflags
000000000001c260 0000000000000044 T __libc_fini_array
000000000001c2c0 0000000000000568 T _realloc_r
000000000001c840 0000000000000168 T _ftello_r
000000000001c9c0 00000000000000e0 T __utf8_wctomb
000000000001caa0 000000000000012c T __swsetup_r
000000000001cbe0 0000000000000020 T _exit
000000000001cc00 000000000000016c T chdir
000000000001cd80 0000000000000218 T _concatenate_path
000000000001cfa0 000000000000009c T _fstat_r
000000000001d040 0000000000000010 T _getpid_r
000000000001d060 0000000000000020 T __getreent
000000000001d080 00000000000000a0 T __release_handle
000000000001d120 0000000000000130 T __alloc_handle
000000000001d260 0000000000000060 T __get_handle
000000000001d2c0 00000000000000f4 T _close_r
000000000001d3c0 0000000000000008 t null_write
000000000001d3e0 0000000000000018 T setDefaultDevice
000000000001d400 0000000000000110 T FindDevice
000000000001d520 0000000000000034 T RemoveDevice
000000000001d560 00000000000000c4 T AddDevice
000000000001d640 0000000000000034 T GetDeviceOpTab
000000000001d680 0000000000000008 T _isatty_r
000000000001d6a0 0000000000000010 T _kill_r
000000000001d6c0 00000000000000a0 T _lseek_r
000000000001d760 000000000000006c T pthread_mutex_lock
000000000001d7e0 000000000000006c T pthread_mutex_unlock
000000000001d860 00000000000000d4 T pthread_once
000000000001d940 0000000000000024 T pthread_key_create
000000000001d980 0000000000000018 T pthread_setspecific
000000000001d9a0 0000000000000018 T pthread_getspecific
000000000001d9c0 0000000000000018 T pthread_key_delete
000000000001d9e0 00000000000000f0 T _open_r
000000000001dae0 00000000000000b0 T _read_r
000000000001dba0 0000000000000078 W _sbrk_r
000000000001dc20 0000000000000014 T __libc_lock_acquire
000000000001dc40 0000000000000014 T __libc_lock_release
000000000001dc60 0000000000000014 T __libc_lock_acquire_recursive
000000000001dc80 0000000000000014 T __libc_lock_release_recursive
000000000001dca0 0000000000000018 T __libc_cond_broadcast
000000000001dcc0 0000000000000018 T __libc_cond_wait
000000000001dce0 00000000000000b0 T _write_r
000000000001dd90 T _init
000000000001ddc8 T _fini
000000000001ee90 000000000000000c r __func__.0
000000000001eea0 000000000000000c r __func__.6
000000000001eeb0 000000000000000e r __func__.1
000000000001eec0 000000000000000d r __func__.11
000000000001eed0 0000000000000009 r __func__.5
000000000001eee0 0000000000000020 r error_table
000000000001ef58 0000000000000014 r CSWTCH.1000
000000000001ef70 000000000000000d V typeinfo name for std::exception
000000000001ef80 0000000000000020 V typeinfo name for __cxxabiv1::__forced_unwind
000000000001efa0 0000000000000024 V typeinfo name for __cxxabiv1::__foreign_exception
000000000001efc8 0000000000000025 V typeinfo name for __cxxabiv1::__si_class_type_info
000000000001eff0 000000000000000d V typeinfo name for std::type_info
000000000001f000 000000000000000d V typeinfo name for std::bad_alloc
000000000001f010 0000000000000022 V typeinfo name for __cxxabiv1::__class_type_info
000000000001f038 0000000000000027 V typeinfo name for __gnu_cxx::__concurrence_lock_error
000000000001f060 0000000000000029 V typeinfo name for __gnu_cxx::__concurrence_unlock_error
000000000001f090 0000000000000010 V typeinfo name for std::logic_error
000000000001f0a0 0000000000000011 V typeinfo name for std::length_error
000000000001f1d0 0000000000000008 r terminator.0
000000000001f1d8 0000000000000001 R __aarch64_have_sme
000000000001f1e0 0000000000000101 R _ctype_
000000000001f2e8 000000000000006c R __action_table
000000000001f358 000000000000006c R __state_table
000000000001f3c8 0000000000000100 R __chclass
000000000001f710 0000000000000010 r zeroes.0
000000000001f720 0000000000000010 r blanks.1
000000000001f730 r __tls_align
000000000001f79c r __eh_frame_hdr_end
000000000001f79c r __eh_frame_hdr_start
000000000001f7a0 r __EH_FRAME_BEGIN__
00000000000245ec r __FRAME_END__
0000000000025000 d __frame_dummy_init_array_entry
0000000000025000 d __init_array_start
0000000000025000 d __preinit_array_end
0000000000025000 d __preinit_array_start
0000000000025000 d __relro_start
0000000000025018 d __do_global_dtors_aux_fini_array_entry
0000000000025018 d __fini_array_start
0000000000025018 d __init_array_end
0000000000025028 d __fini_array_end
0000000000025028 0000000000000100 d fsdev_devoptab
0000000000025128 0000000000000100 D dotab_stdnull
0000000000025228 0000000000000010 V typeinfo for std::exception
0000000000025238 0000000000000010 V typeinfo for __cxxabiv1::__forced_unwind
0000000000025248 0000000000000010 V typeinfo for __cxxabiv1::__foreign_exception
0000000000025258 0000000000000018 V typeinfo for __cxxabiv1::__si_class_type_info
0000000000025270 0000000000000058 V vtable for __cxxabiv1::__si_class_type_info
00000000000252c8 0000000000000010 V typeinfo for std::type_info
00000000000252d8 0000000000000018 V typeinfo for std::bad_alloc
00000000000252f0 0000000000000028 V vtable for std::bad_alloc
0000000000025318 0000000000000018 V typeinfo for __cxxabiv1::__class_type_info
0000000000025330 0000000000000058 V vtable for __cxxabiv1::__class_type_info
0000000000025388 0000000000000018 V typeinfo for __gnu_cxx::__concurrence_lock_error
00000000000253a0 0000000000000018 V typeinfo for __gnu_cxx::__concurrence_unlock_error
00000000000253b8 0000000000000028 V vtable for __gnu_cxx::__concurrence_lock_error
00000000000253e0 0000000000000028 V vtable for __gnu_cxx::__concurrence_unlock_error
0000000000025408 0000000000000018 V typeinfo for std::logic_error
0000000000025420 0000000000000018 V typeinfo for std::length_error
0000000000025438 0000000000000028 V vtable for std::logic_error
0000000000025460 0000000000000028 V vtable for std::length_error
0000000000025488 a _DYNAMIC
00000000000255d8 d __got_start__
00000000000255d8 a _GLOBAL_OFFSET_TABLE_
0000000000025910 d __got_end__
0000000000026000 d __data_start
0000000000026000 0000000000000004 D __nx_fs_num_sessions
0000000000026004 0000000000000004 D __nx_applet_type
0000000000026008 0000000000000001 V __nx_fsdev_support_cwd
000000000002600c 0000000000000004 V __nx_fsdev_direntry_cache_size
0000000000026010 0000000000000008 V __nx_exception_stack_size
0000000000026018 0000000000000008 V __nx_applet_init_timeout
0000000000026020 0000000000000001 V __nx_applet_auto_notifyrunning
0000000000026028 0000000000000008 V DW.ref.__gxx_personality_v0
0000000000026030 0000000000000008 D __cxxabiv1::__unexpected_handler
0000000000026038 0000000000000008 D __cxxabiv1::__terminate_handler
0000000000026040 0000000000000018 D __sglue
0000000000026058 0000000000000008 D __malloc_sbrk_base
0000000000026060 0000000000000008 D __malloc_trim_threshold
0000000000026068 0000000000000810 D __malloc_av_
0000000000026878 0000000000000008 D _impure_ptr
0000000000026880 0000000000000180 D _impure_data
0000000000026a00 00000000000001a8 D __global_locale
0000000000026ba8 0000000000000008 D environ
0000000000026bb0 0000000000000400 d _current_working_directory
0000000000026fc0 0000000000002000 d handles
0000000000028fc0 0000000000000010 d __stderr_handle
0000000000028fd0 0000000000000010 d __stdout_handle
0000000000028fe0 0000000000000010 d __stdin_handle
0000000000028ff0 0000000000000118 D devoptab_list
0000000000029108 0000000000000004 d defaultDevice
0000000000029110 b __bss_start__
0000000000029110 d __tdata_lma
0000000000029110 d __tdata_lma_end
0000000000029110 b completed.1
0000000000029118 b object.0
0000000000029150 0000000000000001 b g_batteryInfoInitialized
0000000000029158 0000000000000010 b g_psmService
0000000000029168 0000000000000008 B sku
0000000000029170 0000000000030000 b __libnx_initheap()::inner_heap
0000000000059170 0000000000000010 b g_bpcSrv
0000000000059180 0000000000000008 b g_fsGuard
0000000000059190 0000000000000054 b g_fsSessionMgr
00000000000591e8 0000000000000010 b g_fsSrv
00000000000591f8 0000000000000010 b g_i2cSrv
0000000000059208 0000000000000008 b g_setsysGuard
0000000000059210 0000000000000010 b g_setsysSrv
0000000000059220 0000000000000008 b g_smGuard
0000000000059228 0000000000000008 b g_smOverridesNum
0000000000059230 0000000000000180 b g_smOverrides
00000000000593b0 0000000000000010 b g_smSrv
00000000000593c0 0000000000000010 b g_splManuSrv
00000000000593d0 0000000000000010 b g_splFsSrv
00000000000593e0 0000000000000010 b g_splEsSrv
00000000000593f0 0000000000000010 b g_splSslSrv
0000000000059400 0000000000000010 b g_splCryptoSrv
0000000000059410 0000000000000010 b g_splSrv
0000000000059420 0000000000000004 b g_hosVersion
0000000000059430 0000000000002800 b fsdev_fsdevices
000000000005bc30 0000000000000004 b fsdev_fsdevice_cwd
000000000005bc34 0000000000000001 b fsdev_initialised
000000000005bc38 B __stack_top
000000000005bc40 0000000000000008 b g_timeGuard
000000000005bc48 0000000000000020 b g_timeSharedmem
000000000005bc68 0000000000000010 b g_timeLocalSystemClock
000000000005bc78 0000000000000010 b g_timeTimeZoneService
000000000005bc88 0000000000000010 b g_timeSteadyClock
000000000005bc98 0000000000000010 b g_timeNetworkSystemClock
000000000005bca8 0000000000000010 b g_timeUserSystemClock
000000000005bcb8 0000000000000010 b g_timeSrv
000000000005bcc8 0000000000000004 V __nx_time_service_type
000000000005bcd0 0000000000000008 b g_argv_empty
000000000005bcd8 0000000000000008 B __system_argv
000000000005bce0 0000000000000004 B __system_argc
000000000005bce8 0000000000000008 b g_userIdStorage
000000000005bcf0 0000000000000010 b g_randomSeed
000000000005bd00 0000000000000001 b g_hasRandomSeed
000000000005bd04 0000000000000004 b g_lastLoadResult
000000000005bd08 0000000000000008 b g_nextLoadArgv
000000000005bd10 0000000000000008 b g_nextLoadPath
000000000005bd18 0000000000000004 b g_processHandle
000000000005bd20 0000000000000018 b g_syscallHints
000000000005bd38 0000000000000008 b g_overrideArgv
000000000005bd40 0000000000000008 b g_overrideHeapSize
000000000005bd48 0000000000000008 b g_overrideHeapAddr
000000000005bd50 0000000000000008 b g_loaderRetAddr
000000000005bd58 0000000000000004 b g_mainThreadHandle
000000000005bd60 0000000000000008 b g_loaderInfoSize
000000000005bd68 0000000000000008 b g_loaderInfo
000000000005bd70 0000000000000001 b g_isNso
000000000005bd80 0000000000000340 B __nx_exceptiondump
000000000005c0c0 0000000000000004 V __nx_exception_ignoredebug
000000000005c0d0 0000000000000400 V __nx_exception_stack
000000000005c4d0 0000000000000008 V __nx_heap_size
000000000005c4d8 0000000000000008 b __bootticks
000000000005c4e0 0000000000000008 b __boottime
000000000005c4e8 0000000000000004 V __nx_time_type
000000000005c4f0 0000000000000004 B __nxlink_host
000000000005c500 0000000000000060 b g_tlsDestructors
000000000005c560 0000000000000008 b g_tlsUsageMask
000000000005c570 0000000000000038 b g_mainThread
000000000005c5a8 0000000000000008 b g_threadList
000000000005c5b0 0000000000000004 b g_threadMutex
000000000005c5b4 0000000000000001 b g_IsLegacyKernel
000000000005c5b8 0000000000000008 b g_Reservations
000000000005c5c0 0000000000000010 b g_StackRegion
000000000005c5d0 0000000000000010 b g_AslrRegion
000000000005c5e0 0000000000000010 b g_HeapRegion
000000000005c5f0 0000000000000010 b g_AliasRegion
000000000005c600 0000000000000004 b g_VirtmemMutex
000000000005c608 0000000000000008 b g_appletGuard
000000000005c610 0000000000000001 b g_appletInfoInitialized
000000000005c618 0000000000000050 b g_appletInfo
000000000005c668 0000000000000004 b g_appletCpuBoostMode
000000000005c670 000000000000000c b g_appletLibraryAppletLaunchableEvent
000000000005c67c 0000000000000001 b g_appletSuspendedTickInitialized
000000000005c680 0000000000000008 b g_appletSuspendedTick
000000000005c688 0000000000000008 b g_appletInitTickBase
000000000005c690 000000000000000c b g_appletSuspendedTickEvent
000000000005c69c 0000000000000001 b g_appletCopyrightInitialized
000000000005c6a0 0000000000000028 b g_appletCopyrightTmem
000000000005c6c8 0000000000000004 b g_appletRecordingInitialized
000000000005c6d0 0000000000000028 b g_appletRecordingTmem
000000000005c6f8 0000000000000001 b g_appletNotifiedRunning
000000000005c6f9 0000000000000001 b g_appletFocusState
000000000005c6fc 0000000000000004 b g_appletPerformanceMode
000000000005c700 0000000000000001 b g_appletOperationMode
000000000005c708 0000000000000008 b g_appletResourceUserId
000000000005c710 000000000000000c b g_appletMessageEvent
000000000005c720 0000000000000010 b g_appletIDebugFunctions
000000000005c730 0000000000000010 b g_appletIDisplayController
000000000005c740 0000000000000010 b g_appletIAudioController
000000000005c750 0000000000000010 b g_appletIWindowController
000000000005c760 0000000000000010 b g_appletISelfController
000000000005c770 0000000000000010 b g_appletICommonStateGetter
000000000005c780 0000000000000010 b g_appletILibraryAppletCreator
000000000005c790 0000000000000010 b g_appletIProcessWindingController
000000000005c7a0 0000000000000010 b g_appletILibraryAppletSelfAccessor
000000000005c7b0 0000000000000010 b g_appletIApplicationCreator
000000000005c7c0 0000000000000010 b g_appletIGlobalStateController
000000000005c7d0 0000000000000010 b g_appletIFunctions
000000000005c7e0 0000000000000010 b g_appletIAppletCommonFunctions
000000000005c7f0 0000000000000004 b g_appletExitProcessResult
000000000005c7f4 0000000000000001 b g_appletExitProcessFlag
000000000005c7f5 0000000000000001 b g_appletLeftInitialized
000000000005c7f8 0000000000000010 b g_appletProxySession
000000000005c808 0000000000000010 b g_appletSrv
000000000005c818 0000000000000004 V __nx_applet_exit_mode
000000000005c820 0000000000000008 V __nx_applet_PerformanceConfiguration
000000000005c828 0000000000000080 V __nx_applet_AppletAttribute
000000000005c8a8 0000000000000008 b g_hidGuard
000000000005c8b0 0000000000000008 b g_sevenSixAxisSensorBuffer
000000000005c8b8 0000000000000020 b g_hidSharedmem
000000000005c8d8 0000000000000010 b g_hidIActiveVibrationDeviceList
000000000005c8e8 0000000000000010 b g_hidIAppletResource
000000000005c8f8 0000000000000010 b g_hidSrv
000000000005c908 0000000000000004 b g_randMutex
000000000005c90c 0000000000000001 b g_randInit
000000000005c910 0000000000000040 b g_chacha
000000000005c950 0000000000000008 b g_apmGuard
000000000005c958 0000000000000010 b g_apmISession
000000000005c968 0000000000000010 b g_apmSrv
000000000005c978 0000000000000004 b init
000000000005c97c 0000000000000001 B __eh_globals_init::_S_init
000000000005c980 0000000000000010 b (anonymous namespace)::eh_globals
000000000005c990 0000000000000028 b (anonymous namespace)::emergency_pool
000000000005c9b8 0000000000000008 b (anonymous namespace)::__new_handler
000000000005c9c0 0000000000000020 V std::string::_Rep::_S_empty_rep_storage
000000000005c9e0 0000000000000004 b once_regsizes.0
000000000005c9f0 0000000000000062 b dwarf_reg_size_table
000000000005ca58 0000000000000010 b object_mutex
000000000005ca68 0000000000000008 b seen_objects
000000000005ca70 0000000000000008 b unseen_objects
000000000005ca78 000000000000000c b __sfp_recursive_mutex
000000000005ca88 0000000000000228 B __sf
000000000005ccb0 0000000000000008 B __stdio_exit_handler
000000000005ccb8 0000000000000050 B __malloc_current_mallinfo
000000000005cd08 0000000000000008 B __malloc_max_total_mem
000000000005cd10 0000000000000008 B __malloc_max_sbrked_mem
000000000005cd18 0000000000000008 B __malloc_top_pad
000000000005cd20 000000000000000c b __malloc_recursive_mutex
000000000005cd2c 0000000000000004 b alloced.0
000000000005cd30 000000000000000c b __env_recursive_mutex
000000000005cd40 0000000000000008 b initial_env
000000000005cd50 0000000000000400 b temp_cwd
000000000005d150 0000000000000004 b __hndl_lock
000000000005d158 0000000000000008 B fake_heap_start
000000000005d160 0000000000000008 B fake_heap_end
000000000005d168 0000000000000004 b __pthread_once_cv
000000000005d16c 0000000000000004 b __pthread_once_lock
000000000005d170 0000000000000008 b heap_start.0
000000000005d178 b __tls_start
000000000005d588 b __bss_end__
000000000005d588 b __end__
000000000005d588 b __tls_end
000000000005e000 b __argdata__
